android/proguard/seeds.txt
com.happytap.schedule.dialog.NumberEditor
com.happytap.schedule.dialog.NumberEditor: NumberEditor(android.content.Context,android.util.AttributeSet)
com.google.ads.AdView
com.google.ads.AdView: AdView(android.content.Context,android.util.AttributeSet)
com.googlecode.android.widgets.DateSlider.ScrollLayout
com.googlecode.android.widgets.DateSlider.ScrollLayout: ScrollLayout(android.content.Context,android.util.AttributeSet)
com.google.ads.AdView
com.google.ads.AdView: AdView(android.content.Context,android.util.AttributeSet,int)
com.google.gson.LongSerializationPolicy: com.google.gson.LongSerializationPolicy[] values()
com.google.gson.LongSerializationPolicy: com.google.gson.LongSerializationPolicy valueOf(java.lang.String)
org.jsoup.parser.TokeniserState: org.jsoup.parser.TokeniserState[] values()
org.jsoup.parser.TokeniserState: org.jsoup.parser.TokeniserState valueOf(java.lang.String)
org.jsoup.parser.TokeniserState: org.jsoup.parser.TokeniserState[] values()
org.jsoup.parser.TokeniserState: org.jsoup.parser.TokeniserState valueOf(java.lang.String)
org.jsoup.parser.TokeniserState: org.jsoup.parser.TokeniserState[] values()
org.jsoup.parser.TokeniserState: org.jsoup.parser.TokeniserState valueOf(java.lang.String)
org.jsoup.parser.TokeniserState: org.jsoup.parser.TokeniserState[] values()
org.jsoup.parser.TokeniserState: org.jsoup.parser.TokeniserState valueOf(java.lang.String)
org.jsoup.parser.TokeniserState: org.jsoup.parser.TokeniserState[] values()
org.jsoup.parser.TokeniserState: org.jsoup.parser.TokeniserState valueOf(java.lang.String)
org.jsoup.parser.TokeniserState: org.jsoup.parser.TokeniserState[] values()
org.jsoup.parser.TokeniserState: org.jsoup.parser.TokeniserState valueOf(java.lang.String)
com.google.protobuf.DescriptorProtos$FieldDescriptorProto$Label: com.google.protobuf.DescriptorProtos$FieldDescriptorProto$Label[] values()
com.google.protobuf.DescriptorProtos$FieldDescriptorProto$Label: com.google.protobuf.DescriptorProtos$FieldDescriptorProto$Label valueOf(java.lang.String)
org.jsoup.parser.TokeniserState: org.jsoup.parser.TokeniserState[] values()
org.jsoup.parser.TokeniserState: org.jsoup.parser.TokeniserState valueOf(java.lang.String)
org.jsoup.parser.TokeniserState: org.jsoup.parser.TokeniserState[] values()
org.jsoup.parser.TokeniserState: org.jsoup.parser.TokeniserState valueOf(java.lang.String)
org.jsoup.parser.TokeniserState: org.jsoup.parser.TokeniserState[] values()
org.jsoup.parser.TokeniserState: org.jsoup.parser.TokeniserState valueOf(java.lang.String)
org.jsoup.parser.TokeniserState: org.jsoup.parser.TokeniserState[] values()
org.jsoup.parser.TokeniserState: org.jsoup.parser.TokeniserState valueOf(java.lang.String)
org.jsoup.parser.TokeniserState: org.jsoup.parser.TokeniserState[] values()
org.jsoup.parser.TokeniserState: org.jsoup.parser.TokeniserState valueOf(java.lang.String)
org.jsoup.parser.TokeniserState: org.jsoup.parser.TokeniserState[] values()
org.jsoup.parser.TokeniserState: org.jsoup.parser.TokeniserState valueOf(java.lang.String)
org.jsoup.parser.TokeniserState: org.jsoup.parser.TokeniserState[] values()
org.jsoup.parser.TokeniserState: org.jsoup.parser.TokeniserState valueOf(java.lang.String)
org.jsoup.parser.TokeniserState: org.jsoup.parser.TokeniserState[] values()
org.jsoup.parser.TokeniserState: org.jsoup.parser.TokeniserState valueOf(java.lang.String)
org.jsoup.parser.TokeniserState: org.jsoup.parser.TokeniserState[] values()
com.google.inject.internal.MapMaker$Strength: com.google.inject.internal.MapMaker$Strength[] values()
com.google.inject.internal.MapMaker$Strength: com.google.inject.internal.MapMaker$Strength valueOf(java.lang.String)