android/proguard/usage.txt
com.njtransit.rail.R$array
com.njtransit.rail.R$attr
com.njtransit.rail.R$bool
com.njtransit.rail.R$color
com.njtransit.rail.R$drawable
com.njtransit.rail.R$id
com.njtransit.rail.R$layout
com.njtransit.rail.R$raw:
    public static final int database_db_aaa
    public static final int database_db_aab
    public static final int database_db_aac
    public static final int database_db_aad
    public static final int database_db_aae
    public static final int database_db_aaf
    public static final int database_db_aag
    public static final int database_db_aah
    public static final int database_db_aai
    public static final int database_db_aaj
    public static final int database_db_aak
    public static final int database_db_aal
    public static final int database_db_aam
    public static final int database_db_aan
    public static final int database_db_aao
    public static final int database_db_aap
    public static final int database_db_aaq
    public static final int database_db_aar
    public static final int database_db_aas
    public static final int database_db_aat
    public static final int database_db_aau
    public static final int database_db_aav
    public static final int database_db_aaw
    public static final int database_db_aax
    public static final int database_db_aay
    public static final int database_db_aaz
    public static final int database_db_aba
    public static final int database_db_abb
    public static final int database_db_abc
    public static final int database_db_abd
    public static final int database_db_abe
    public static final int database_db_abf
    public static final int database_db_abg
com.njtransit.rail.R$string
com.njtransit.rail.R$style
com.njtransit.rail.R$xml
...
com.googlecode.android.widgets.DateSlider.MonthYearDateSlider$2
com.googlecode.android.widgets.DateSlider.TimeSlider
com.googlecode.android.widgets.DateSlider.TimeSlider$1
com.googlecode.android.widgets.DateSlider.TimeSlider$2
com.happytap.jumper.JumpDialog:
    45:45:public boolean isUseHapticFeedback()
    49:50:public void setUseHapticFeedback(boolean)
    54:54:public java.util.LinkedHashSet getPrimaryCharacters()
    58:59:public void setPrimaryCharacters(java.util.LinkedHashSet)
    62:62:public java.util.LinkedHashSet getSecondaryCharacters()
    66:67:public void setSecondaryCharacters(java.util.LinkedHashSet)
    71:73:public JumpDialog(android.content.Context,boolean,android.content.DialogInterface$OnCancelListener,com.happytap.jumper.JumpListener)
    76:78:public JumpDialog(android.content.Context,int,com.happytap.jumper.JumpListener)
    243:243:public java.util.LinkedHashSet getEnabledCharacters()
    263:263:public java.lang.Character getPrimaryCharacter()
    267:268:public void setPrimaryCharacter(java.lang.Character)
    271:271:public java.lang.Character getSecondaryCharacter()
    275:276:public void setSecondaryCharacter(java.lang.Character)
com.happytap.jumper.R$array
com.happytap.jumper.R$attr
com.happytap.jumper.R$bool
com.happytap.jumper.R$color
com.happytap.jumper.R$drawable
com.happytap.jumper.R$id:
    public static final int ad_fodder
    public static final int ad_layout
    public static final int arrival
    public static final int arrivalText
    public static final int away
    public static final int close
    public static final int company_name
    public static final int connections
    public static final int container
    public static final int created_by
    public static final int custom
    public static final int dateSliderButLayout
    public static final int dateSliderCancelButton
    public static final int dateSliderMainLayout
    public static final int dateSliderOkButton
    public static final int dateSliderTitleText
    public static final int dateSliderTodayButton
    public static final int departure
    public static final int departureDate
    public static final int departureText
    public static final int description
    public static final int dismiss
    public static final int doug
    public static final int duration
    public static final int edit
    public static final int fare
    public static final int favs
    public static final int foo
    public static final int getScheduleChevron
    public static final int get_schedule
    public static final int get_schedule_text
    public static final int happytap
    public static final int in_association_with
    public static final int loader
    public static final int loading
    public static final int loading_dot_dot
    public static final int map
com.happytap.jumper.R$layout:
    public static final int about
    public static final int dateslider
    public static final int dialogtitle
    public static final int edit_payload
    public static final int feedback
    public static final int hour
    public static final int hour_minute
    public static final int loading
    public static final int main
    public static final int our_ad
    public static final int rate
    public static final int scroller
    public static final int set_alarm
    public static final int station_list
    public static final int station_to_station
    public static final int station_to_station_item
    public static final int time
    public static final int timer
    public static final int trip
com.happytap.jumper.R$raw
com.happytap.jumper.R$string
com.happytap.jumper.R$style
com.happytap.jumper.R$xml
com.happytap.schedule.activity.AlarmActivity:
    public static final java.lang.String TYPE
    public static final java.lang.String TYPE_ARRIVE
    public static final java.lang.String TYPE_DEPART
    public static final java.lang.String TIME